
> kidney-anatomy-explorer@0.1.0 dev
> vite --host 0.0.0.0 --port 5173


  [32m[1mVITE[22m v6.4.3[39m  [2mready in [0m[1m324[22m[2m[0m ms[22m

  [32m➜[39m  [1mLocal[22m:   [36mhttp://localhost:[1m5173[22m/[39m
  [32m➜[39m  [1mNetwork[22m: [36mhttp://192.168.1.5:[1m5173[22m/[39m
[2m2:48:02 pm[22m [36m[1m[vite][22m[39m [90m[2m(client)[22m[39m [32mhmr update [39m[2m/src/index.css, /src/components/KidneyExplorer.jsx, /src/components/GuidedLearning.jsx, /src/components/KidneyQuiz.jsx, /src/components/KidneyModel.jsx, /src/components/AnatomyLabels.jsx[22m
[2m2:48:02 pm[22m [36m[1m[vite][22m[39m [90m[2m(client)[22m[39m [32mhmr update [39m[2m/src/components/AnatomyLabels.jsx, /src/index.css[22m
[2m2:48:02 pm[22m [36m[1m[vite][22m[39m [90m[2m(client)[22m[39m [32mhmr update [39m[2m/src/components/KidneyModel.jsx, /src/index.css[22m
[2m2:48:11 pm[22m [36m[1m[vite][22m[39m [90m[2m(client)[22m[39m [32mhmr update [39m[2m/src/components/KidneyModel.jsx, /src/index.css[22m
[2m2:52:11 pm[22m [36m[1m[vite][22m[39m [90m[2m(client)[22m[39m [32mpage reload [39m[2mindex.html[22m
[2m3:08:20 pm[22m [36m[1m[vite][22m[39m [90m[2m(client)[22m[39m [32mhmr update [39m[2m/src/index.css, /src/components/KidneyExplorer.jsx, /src/components/GuidedLearning.jsx, /src/components/KidneyQuiz.jsx, /src/components/KidneyModel.jsx, /src/components/AnatomyLabels.jsx[22m
[2m3:08:52 pm[22m [36m[1m[vite][22m[39m [90m[2m(client)[22m[39m [32mhmr update [39m[2m/src/components/AnatomyLabels.jsx, /src/index.css[22m
[2m3:09:05 pm[22m [36m[1m[vite][22m[39m [90m[2m(client)[22m[39m [32mhmr update [39m[2m/src/components/AnatomyLabels.jsx, /src/index.css[22m
[2m3:09:40 pm[22m [36m[1m[vite][22m[39m [90m[2m(client)[22m[39m [32mhmr update [39m[2m/src/components/KidneyModel.jsx, /src/index.css[22m
[2m3:09:58 pm[22m [36m[1m[vite][22m[39m [90m[2m(client)[22m[39m [32mhmr update [39m[2m/src/components/KidneyModel.jsx, /src/index.css[22m
[2m3:10:32 pm[22m [36m[1m[vite][22m[39m [90m[2m(client)[22m[39m [32mhmr update [39m[2m/src/components/KidneyExplorer.jsx, /src/index.css[22m
[2m3:10:50 pm[22m [36m[1m[vite][22m[39m [90m[2m(client)[22m[39m [32mhmr update [39m[2m/src/components/GuidedLearning.jsx, /src/index.css[22m
[2m3:10:59 pm[22m [36m[1m[vite][22m[39m [90m[2m(client)[22m[39m [32mhmr update [39m[2m/src/components/FlowParticles.jsx, /src/index.css[22m
[2m3:11:31 pm[22m [36m[1m[vite][22m[39m [90m[2m(client)[22m[39m [32mhmr update [39m[2m/src/index.css[22m
[2m3:28:02 pm[22m [36m[1m[vite][22m[39m [90m[2m(client)[22m[39m [32mhmr update [39m[2m/src/index.css, /src/components/KidneyExplorer.jsx, /src/components/GuidedLearning.jsx, /src/components/KidneyQuiz.jsx, /src/components/KidneyModel.jsx, /src/components/AnatomyLabels.jsx[22m
[2m3:28:17 pm[22m [36m[1m[vite][22m[39m [90m[2m(client)[22m[39m [32mhmr update [39m[2m/src/components/AnatomyLabels.jsx, /src/index.css[22m
[2m3:28:36 pm[22m [36m[1m[vite][22m[39m [90m[2m(client)[22m[39m [32mhmr update [39m[2m/src/components/AnatomyLabels.jsx, /src/index.css[22m
[2m3:29:03 pm[22m [36m[1m[vite][22m[39m [90m[2m(client)[22m[39m [32mhmr update [39m[2m/src/components/KidneyModel.jsx, /src/index.css[22m
[2m3:29:42 pm[22m [36m[1m[vite][22m[39m [90m[2m(client)[22m[39m [32mhmr update [39m[2m/src/components/KidneyExplorer.jsx, /src/index.css[22m
[2m3:29:53 pm[22m [36m[1m[vite][22m[39m [90m[2m(client)[22m[39m [32mhmr update [39m[2m/src/components/AnatomyLabels.jsx, /src/index.css[22m
[2m3:29:53 pm[22m [36m[1m[vite][22m[39m [90m[2m(client)[22m[39m [32mhmr update [39m[2m/src/components/KidneyModel.jsx, /src/index.css[22m
[2m3:30:57 pm[22m [36m[1m[vite][22m[39m [90m[2m(client)[22m[39m [32mhmr update [39m[2m/src/components/KidneyExplorer.jsx, /src/index.css[22m
[2m3:48:58 pm[22m [36m[1m[vite][22m[39m [90m[2m(client)[22m[39m [32mhmr update [39m[2m/src/components/AnatomyLabels.jsx, /src/index.css[22m
[2m3:49:08 pm[22m [36m[1m[vite][22m[39m [90m[2m(client)[22m[39m [32mhmr update [39m[2m/src/components/KidneyModel.jsx, /src/index.css[22m
[2m3:49:20 pm[22m [36m[1m[vite][22m[39m [90m[2m(client)[22m[39m [32mhmr update [39m[2m/src/components/AnatomyLabels.jsx, /src/index.css[22m
[2m3:49:20 pm[22m [36m[1m[vite][22m[39m [90m[2m(client)[22m[39m [32mhmr update [39m[2m/src/components/KidneyModel.jsx, /src/index.css[22m
[2m3:49:21 pm[22m [36m[1m[vite][22m[39m [90m[2m(client)[22m[39m [32mhmr update [39m[2m/src/components/KidneyExplorer.jsx, /src/index.css[22m
[2m3:49:29 pm[22m [36m[1m[vite][22m[39m [90m[2m(client)[22m[39m [32mhmr update [39m[2m/src/components/KidneyExplorer.jsx, /src/index.css[22m
[2m3:49:46 pm[22m [36m[1m[vite][22m[39m [90m[2m(client)[22m[39m [32mhmr update [39m[2m/src/components/AnatomyLabels.jsx, /src/index.css[22m
[2m3:49:46 pm[22m [36m[1m[vite][22m[39m [90m[2m(client)[22m[39m [32mhmr update [39m[2m/src/components/KidneyModel.jsx, /src/index.css[22m
[2m3:49:46 pm[22m [36m[1m[vite][22m[39m [90m[2m(client)[22m[39m [32mhmr update [39m[2m/src/components/KidneyExplorer.jsx, /src/index.css[22m
[2m3:49:55 pm[22m [36m[1m[vite][22m[39m [90m[2m(client)[22m[39m [32mhmr update [39m[2m/src/components/AnatomyLabels.jsx, /src/index.css[22m
[2m3:49:55 pm[22m [36m[1m[vite][22m[39m [90m[2m(client)[22m[39m [32mhmr update [39m[2m/src/components/KidneyExplorer.jsx, /src/index.css[22m
[2m3:50:02 pm[22m [36m[1m[vite][22m[39m [90m[2m(client)[22m[39m [32mhmr update [39m[2m/src/components/KidneyExplorer.jsx, /src/index.css[22m
[2m3:50:22 pm[22m [36m[1m[vite][22m[39m [90m[2m(client)[22m[39m [32mhmr update [39m[2m/src/index.css, /src/components/KidneyModel.jsx[22m
[2m3:50:41 pm[22m [36m[1m[vite][22m[39m [90m[2m(client)[22m[39m [32mhmr update [39m[2m/src/index.css, /src/components/KidneyExplorer.jsx, /src/components/GuidedLearning.jsx, /src/components/KidneyQuiz.jsx, /src/components/KidneyModel.jsx, /src/components/AnatomyLabels.jsx[22m
[2m3:51:33 pm[22m [36m[1m[vite][22m[39m [90m[2m(client)[22m[39m [32mhmr update [39m[2m/src/components/KidneyExplorer.jsx, /src/index.css[22m
[2m4:00:30 pm[22m [36m[1m[vite][22m[39m [90m[2m(client)[22m[39m [32mhmr update [39m[2m/src/components/KidneyExplorer.jsx, /src/index.css[22m
[2m4:00:49 pm[22m [36m[1m[vite][22m[39m [90m[2m(client)[22m[39m [32mhmr update [39m[2m/src/components/KidneyModel.jsx, /src/index.css[22m
[2m4:00:58 pm[22m [36m[1m[vite][22m[39m [90m[2m(client)[22m[39m [32mhmr update [39m[2m/src/components/AnatomyLabels.jsx, /src/index.css[22m
[2m4:06:56 pm[22m [36m[1m[vite][22m[39m [90m[2m(client)[22m[39m [32mhmr update [39m[2m/src/index.css, /src/components/KidneyExplorer.jsx, /src/components/GuidedLearning.jsx, /src/components/KidneyQuiz.jsx, /src/components/KidneyModel.jsx, /src/components/AnatomyLabels.jsx[22m
[2m4:06:56 pm[22m [36m[1m[vite][22m[39m [90m[2m(client)[22m[39m [32mhmr update [39m[2m/src/index.css, /src/components/KidneyModel.jsx[22m
[2m4:07:08 pm[22m [36m[1m[vite][22m[39m [90m[2m(client)[22m[39m [32mhmr update [39m[2m/src/components/AnatomyLabels.jsx, /src/index.css[22m
[2m4:07:08 pm[22m [36m[1m[vite][22m[39m [90m[2m(client)[22m[39m [32mhmr update [39m[2m/src/components/KidneyExplorer.jsx, /src/index.css[22m
[2m4:07:37 pm[22m [36m[1m[vite][22m[39m [90m[2m(client)[22m[39m [32mhmr update [39m[2m/src/components/KidneyModel.jsx, /src/index.css[22m
[2m4:07:47 pm[22m [36m[1m[vite][22m[39m [90m[2m(client)[22m[39m [32mhmr update [39m[2m/src/components/KidneyExplorer.jsx, /src/index.css[22m
[2m4:07:59 pm[22m [36m[1m[vite][22m[39m [90m[2m(client)[22m[39m [32mhmr update [39m[2m/src/components/KidneyExplorer.jsx, /src/index.css[22m
[2m4:08:18 pm[22m [36m[1m[vite][22m[39m [90m[2m(client)[22m[39m [32mhmr update [39m[2m/src/index.css, /src/components/KidneyModel.jsx[22m
[2m4:08:18 pm[22m [36m[1m[vite][22m[39m [90m[2m(client)[22m[39m [32mhmr update [39m[2m/src/components/KidneyModel.jsx, /src/index.css[22m
[2m4:08:39 pm[22m [36m[1m[vite][22m[39m [90m[2m(client)[22m[39m [32mhmr update [39m[2m/src/components/KidneyExplorer.jsx, /src/index.css[22m
[2m4:16:11 pm[22m [36m[1m[vite][22m[39m [90m[2m(client)[22m[39m [32mhmr update [39m[2m/src/components/KidneyExplorer.jsx, /src/index.css[22m
[2m4:16:38 pm[22m [36m[1m[vite][22m[39m [90m[2m(client)[22m[39m [32mhmr update [39m[2m/src/index.css, /src/components/KidneyExplorer.jsx, /src/components/GuidedLearning.jsx, /src/components/KidneyQuiz.jsx, /src/components/KidneyModel.jsx, /src/components/AnatomyLabels.jsx[22m
[2m4:16:38 pm[22m [36m[1m[vite][22m[39m [90m[2m(client)[22m[39m [32mhmr update [39m[2m/src/components/AnatomyLabels.jsx, /src/index.css[22m
[2m4:16:38 pm[22m [36m[1m[vite][22m[39m [90m[2m(client)[22m[39m [32mhmr update [39m[2m/src/components/KidneyModel.jsx, /src/index.css[22m
[2m4:17:12 pm[22m [36m[1m[vite][22m[39m [90m[2m(client)[22m[39m [32mhmr update [39m[2m/src/index.css, /src/components/KidneyModel.jsx[22m
[2m4:17:28 pm[22m [36m[1m[vite][22m[39m [90m[2m(client)[22m[39m [32mhmr update [39m[2m/src/components/KidneyModel.jsx, /src/index.css[22m
[2m4:49:54 pm[22m [36m[1m[vite][22m[39m [90m[2m(client)[22m[39m [32mhmr update [39m[2m/src/index.css, /src/components/KidneyModel.jsx[22m
[2m4:49:55 pm[22m [36m[1m[vite][22m[39m [90m[2m(client)[22m[39m [32mhmr update [39m[2m/src/index.css, /src/components/KidneyExplorer.jsx, /src/components/GuidedLearning.jsx, /src/components/KidneyQuiz.jsx, /src/components/KidneyModel.jsx, /src/components/AnatomyLabels.jsx[22m
[2m4:49:55 pm[22m [36m[1m[vite][22m[39m [90m[2m(client)[22m[39m [32mhmr update [39m[2m/src/components/KidneyModel.jsx, /src/index.css[22m
[2m4:50:06 pm[22m [36m[1m[vite][22m[39m [90m[2m(client)[22m[39m [32mhmr update [39m[2m/src/components/KidneyModel.jsx, /src/index.css[22m
